#
# A fatal error has been detected by the Java Runtime Environment:
#
#  SIGSEGV (0xb) at pc=0x0000000100eba32c, pid=50774, tid=42755
#
# JRE version: OpenJDK Runtime Environment (15.0.1+9) (build 15.0.1+9-18)
# Java VM: OpenJDK 64-Bit Server VM (15.0.1+9-18, mixed mode, sharing, tiered, compressed oops, g1 gc, bsd-amd64)
# Problematic frame:
# C  [libjimage.dylib+0x332c]  _ZNK15ImageFileReader19find_location_indexEPKcPy+0x8c
#
# No core dump will be written. Core dumps have been disabled. To enable core dumping, try "ulimit -c unlimited" before starting Java again
#
# If you would like to submit a bug report, please visit:
#   https://bugreport.java.com/bugreport/crash.jsp
#

---------------  S U M M A R Y ------------

Command Line: -agentlib:jdwp=transport=dt_socket,server=n,suspend=y,address=localhost:53842 -XX:+ShowCodeDetailsInExceptionMessages -Dfile.encoding=UTF-8 se.kth.iv1351.jdbcintro.startup.Main

Host: MacBookAir7,2 x86_64 1800 MHz, 4 cores, 8G, Darwin 19.6.0
Time: Tue Jan  5 14:03:14 2021 CET elapsed time: 40148.022485 seconds (0d 11h 9m 8s)

---------------  T H R E A D  ---------------

Current thread (0x00007fa13d088e00):  JavaThread "Signal Dispatcher" daemon [_thread_in_vm, id=42755, stack(0x0000700005020000,0x0000700005120000)]

Stack: [0x0000700005020000,0x0000700005120000],  sp=0x000070000511e350,  free space=1016k
Native frames: (J=compiled Java code, A=aot compiled Java code, j=interpreted, Vv=VM code, C=native code)
C  [libjimage.dylib+0x332c]  _ZNK15ImageFileReader19find_location_indexEPKcPy+0x8c
C  [libjimage.dylib+0x37a0]  JIMAGE_FindResource+0xd0
V  [libjvm.dylib+0x29386a]  _ZN19ClassPathImageEntry22open_stream_for_loaderEPKcP15ClassLoaderDataP6Thread+0x7a
V  [libjvm.dylib+0x297273]  _ZN11ClassLoader10load_classEP6SymbolbP6Thread+0x143
V  [libjvm.dylib+0x954d15]  _ZN16SystemDictionary19load_instance_classEP6Symbol6HandleP6Thread+0x3a5
V  [libjvm.dylib+0x953713]  _ZN16SystemDictionary30resolve_instance_class_or_nullEP6Symbol6HandleS2_P6Thread+0x853
V  [libjvm.dylib+0x952917]  _ZN16SystemDictionary15resolve_or_failEP6Symbol6HandleS2_bP6Thread+0x77
V  [libjvm.dylib+0x2f10bd]  _ZN12ConstantPool13klass_at_implERK18constantPoolHandleibP6Thread+0x19d
V  [libjvm.dylib+0x2189e2]  _ZN12ConstantPool8klass_atEiP6Thread+0xf2
V  [libjvm.dylib+0x4a2885]  _ZN18InterpreterRuntime4_newEP10JavaThreadP12ConstantPooli+0x25
j  jdk.internal.misc.Signal.dispatch(I)V+25 java.base@15.0.1
v  ~StubRoutines::call_stub
V  [libjvm.dylib+0x4ad942]  _ZN9JavaCalls11call_helperEP9JavaValueRK12methodHandleP17JavaCallArgumentsP6Thread+0x2e2
V  [libjvm.dylib+0x4acfbb]  _ZN9JavaCalls11call_staticEP9JavaValueP5KlassP6SymbolS5_P17JavaCallArgumentsP6Thread+0x1ab
V  [libjvm.dylib+0x8247a5]  _ZL19signal_thread_entryP10JavaThreadP6Thread+0x355
V  [libjvm.dylib+0x99a1a2]  _ZN10JavaThread17thread_main_innerEv+0xb2
V  [libjvm.dylib+0x9972b1]  _ZN6Thread8call_runEv+0x71
V  [libjvm.dylib+0x829327]  _ZL19thread_native_entryP6Thread+0x197
C  [libsystem_pthread.dylib+0x6109]  _pthread_start+0x94
C  [libsystem_pthread.dylib+0x1b8b]  thread_start+0xf

Java frames: (J=compiled Java code, j=interpreted, Vv=VM code)
j  jdk.internal.misc.Signal.dispatch(I)V+25 java.base@15.0.1
v  ~StubRoutines::call_stub

siginfo: si_signo: 11 (SIGSEGV), si_code: 1 (SEGV_MAPERR), si_addr: 0x00000001027ddfb0

Register to memory mapping:

RAX=0x0000000100ebb120: _ZTV12NativeEndian+0x10 in /Users/hrd/Library/Java/JavaVirtualMachines/openjdk-15.0.1/Contents/Home/lib/libjimage.dylib at 0x0000000100eb7000
RBX=0x0000000100ebb2b8: _ZN12NativeEndian7_nativeE+0 in /Users/hrd/Library/Java/JavaVirtualMachines/openjdk-15.0.1/Contents/Home/lib/libjimage.dylib at 0x0000000100eb7000
RCX=0x0 is NULL
RDX=0x0000000000002fe5 is an unknown value
RSP=0x000070000511e350 is pointing into the stack for thread: 0x00007fa13d088e00
RBP=0x000070000511e3d0 is pointing into the stack for thread: 0x00007fa13d088e00
RSI=0x0000000076100fa4 is an unknown value
RDI=0x0000000100ebb2b8: _ZN12NativeEndian7_nativeE+0 in /Users/hrd/Library/Java/JavaVirtualMachines/openjdk-15.0.1/Contents/Home/lib/libjimage.dylib at 0x0000000100eb7000
R8 =0x000070000511f480 is pointing into the stack for thread: 0x00007fa13d088e00
R9 =0x000070000511f380 is pointing into the stack for thread: 0x00007fa13d088e00
R10=0x000000010226e96f: __cxx_global_var_init.6+0x136f in /Users/hrd/Library/Java/JavaVirtualMachines/openjdk-15.0.1/Contents/Home/lib/server/libjvm.dylib at 0x0000000101800000
R11=0xfffff05ec84e5702 is an unknown value
R12=0x0 is NULL
R13=0x0000000000007ec1 is an unknown value
R14=0x00007fa13cd0ec50 points into unknown readable memory: 0x5000000000000000 | 00 00 00 00 00 00 00 50
R15=0x00000001027d201c is an unknown value


Registers:
RAX=0x0000000100ebb120, RBX=0x0000000100ebb2b8, RCX=0x0000000000000000, RDX=0x0000000000002fe5
RSP=0x000070000511e350, RBP=0x000070000511e3d0, RSI=0x0000000076100fa4, RDI=0x0000000100ebb2b8
R8 =0x000070000511f480, R9 =0x000070000511f380, R10=0x000000010226e96f, R11=0xfffff05ec84e5702
R12=0x0000000000000000, R13=0x0000000000007ec1, R14=0x00007fa13cd0ec50, R15=0x00000001027d201c
RIP=0x0000000100eba32c, EFLAGS=0x0000000000010246, ERR=0x0000000000000004
  TRAPNO=0x000000000000000e

Top of Stack: (sp=0x000070000511e350)
0x000070000511e350:   0000000000000000 0000000000000000
0x000070000511e360:   0000000000000000 0000000000000000
0x000070000511e370:   0000000000000000 0000000000000000
0x000070000511e380:   0000000000000000 0000000000000000
0x000070000511e390:   0000000000000000 000070000511f480
0x000070000511e3a0:   000070000511e400 0000000000000000
0x000070000511e3b0:   00007fa13cc38d00 00000001022be75c
0x000070000511e3c0:   0000000000000020 0000000000000002
0x000070000511e3d0:   000070000511f430 0000000100eba7a0
0x000070000511e3e0:   0000000000000000 00007fa13cd0ec50
0x000070000511e3f0:   000070000511f480 0000000000000022
0x000070000511e400:   6e692f6b646a2f2f 6d2f6c616e726574
0x000070000511e410:   6e6769532f637369 616c632e31246c61
0x000070000511e420:   0000000000007373 0000000000000000
0x000070000511e430:   0000000000000000 0000000000000000
0x000070000511e440:   0000000000000000 0000000000000000
0x000070000511e450:   0000000000000000 0000000000000000
0x000070000511e460:   0000000000000000 0000000000000000
0x000070000511e470:   0000000000000000 0000000000000000
0x000070000511e480:   0000000000000000 0000000000000000
0x000070000511e490:   0000000000000000 0000000000000000
0x000070000511e4a0:   0000000000000000 0000000000000000
0x000070000511e4b0:   0000000000000000 0000000000000000
0x000070000511e4c0:   0000000000000000 0000000000000000
0x000070000511e4d0:   0000000000000000 0000000000000000
0x000070000511e4e0:   0000000000000000 0000000000000000
0x000070000511e4f0:   0000000000000000 0000000000000000
0x000070000511e500:   0000000000000000 0000000000000000
0x000070000511e510:   0000000000000000 0000000000000000
0x000070000511e520:   0000000000000000 0000000000000000
0x000070000511e530:   0000000000000000 0000000000000000
0x000070000511e540:   0000000000000000 0000000000000000 

Instructions: (pc=0x0000000100eba32c)
0x0000000100eba22c:   ff c1 0f b6 43 01 48 ff c3 84 c0 75 e7 31 c0 eb
0x0000000100eba23c:   07 31 c0 48 85 db 74 3c 41 8b 56 20 41 8a 0c 17
0x0000000100eba24c:   84 c9 74 3f 3c 2e 75 2c 8a 43 01 84 c0 74 32 84
0x0000000100eba25c:   c9 74 30 49 8d 54 17 01 31 f6 38 c8 75 16 0f b6
0x0000000100eba26c:   44 33 02 84 c0 74 1a 0f b6 0c 32 48 ff c6 84 c9
0x0000000100eba27c:   75 e8 eb 0f 31 c0 48 83 c4 08 5b 41 5e 41 5f 5d
0x0000000100eba28c:   c3 31 c0 84 c0 0f 94 c0 eb ec 66 2e 0f 1f 84 00
0x0000000100eba29c:   00 00 00 00 55 48 89 e5 41 57 41 56 41 55 41 54
0x0000000100eba2ac:   53 48 83 ec 58 48 89 55 c8 48 89 75 d0 49 89 fe
0x0000000100eba2bc:   49 8b 5e 10 4d 8b 7e 50 48 8b 03 41 8b 76 30 48
0x0000000100eba2cc:   89 df ff 50 08 41 89 c5 45 31 e4 4d 85 ff 0f 84
0x0000000100eba2dc:   de 01 00 00 45 85 ed 0f 84 d5 01 00 00 48 8b 45
0x0000000100eba2ec:   d0 8a 08 84 c9 74 29 48 8d 50 01 b8 93 01 00 01
0x0000000100eba2fc:   0f 1f 40 00 69 f0 93 01 00 01 0f b6 c1 31 f0 0f
0x0000000100eba30c:   b6 0a 48 ff c2 84 c9 75 eb 25 ff ff ff 7f eb 05
0x0000000100eba31c:   b8 93 01 00 01 45 31 e4 31 d2 41 f7 f5 48 8b 03
0x0000000100eba32c:   41 8b 34 97 48 89 df ff 50 20 85 c0 7e 39 48 8b
0x0000000100eba33c:   55 d0 8a 0a 84 c9 74 21 48 ff c2 66 0f 1f 84 00
0x0000000100eba34c:   00 00 00 00 69 f0 93 01 00 01 0f b6 c1 31 f0 0f
0x0000000100eba35c:   b6 0a 48 ff c2 84 c9 75 eb 25 ff ff ff 7f 31 d2
0x0000000100eba36c:   41 f7 f5 89 d0 eb 08 0f 84 45 01 00 00 f7 d0 49
0x0000000100eba37c:   8b 7e 10 49 8b 4e 58 48 8b 17 89 c0 8b 34 81 ff
0x0000000100eba38c:   52 08 41 89 c5 45 85 ed 0f 84 ef 00 00 00 44 89
0x0000000100eba39c:   e8 0f 57 c0 49 03 46 60 0f 29 45 b0 0f 29 45 a0
0x0000000100eba3ac:   0f 29 45 90 0f 29 45 80 0f 84 e2 00 00 00 8a 08
0x0000000100eba3bc:   84 c9 75 30 e9 d7 00 00 00 66 66 2e 0f 1f 84 00
0x0000000100eba3cc:   00 00 00 00 80 e1 f8 0f b6 c9 48 89 74 0d 80 0f
0x0000000100eba3dc:   b6 d3 0f b6 4c 10 02 48 8d 44 10 02 84 c9 0f 84
0x0000000100eba3ec:   ac 00 00 00 89 cb 0f b6 70 01 80 e3 07 74 d5 89
0x0000000100eba3fc:   da fe c2 48 89 f7 48 c1 e7 08 0f b6 70 02 48 09
0x0000000100eba40c:   fe 80 fa 02 74 be 48 89 f7 48 c1 e7 08 0f b6 70
0x0000000100eba41c:   03 48 09 fe 80 fa 03 74 ab 48 89 f7 48 c1 e7 08 


Stack slot to memory mapping:
stack at sp + 0 slots: 0x0 is NULL
stack at sp + 1 slots: 0x0 is NULL
stack at sp + 2 slots: 0x0 is NULL
stack at sp + 3 slots: 0x0 is NULL
stack at sp + 4 slots: 0x0 is NULL
stack at sp + 5 slots: 0x0 is NULL
stack at sp + 6 slots: 0x0 is NULL
stack at sp + 7 slots: 0x0 is NULL


---------------  P R O C E S S  ---------------

Threads class SMR info:
_java_thread_list=0x00007fa13ccc9bf0, length=13, elements={
0x00007fa13e808200, 0x00007fa13e812600, 0x00007fa13e82b000, 0x00007fa13d088e00,
0x00007fa13d088800, 0x00007fa13d08b400, 0x00007fa13d812200, 0x00007fa13e013e00,
0x00007fa13e01da00, 0x00007fa13e00ac00, 0x00007fa13d08ba00, 0x00007fa13d842800,
0x00007fa13d08f800
}

Java Threads: ( => current thread )
  0x00007fa13e808200 JavaThread "main" [_thread_in_native, id=9731, stack(0x00007000045ff000,0x00007000046ff000)]
  0x00007fa13e812600 JavaThread "Reference Handler" daemon [_thread_blocked, id=15875, stack(0x0000700004d14000,0x0000700004e14000)]
  0x00007fa13e82b000 JavaThread "Finalizer" daemon [_thread_blocked, id=16387, stack(0x0000700004e17000,0x0000700004f17000)]
=>0x00007fa13d088e00 JavaThread "Signal Dispatcher" daemon [_thread_in_vm, id=42755, stack(0x0000700005020000,0x0000700005120000)]
  0x00007fa13d088800 JavaThread "Service Thread" daemon [_thread_blocked, id=42243, stack(0x0000700005123000,0x0000700005223000)]
  0x00007fa13d08b400 JavaThread "C2 CompilerThread0" daemon [_thread_blocked, id=41475, stack(0x0000700005226000,0x0000700005326000)]
  0x00007fa13d812200 JavaThread "C1 CompilerThread0" daemon [_thread_blocked, id=24323, stack(0x0000700005329000,0x0000700005429000)]
  0x00007fa13e013e00 JavaThread "Sweeper thread" daemon [_thread_blocked, id=24835, stack(0x000070000542c000,0x000070000552c000)]
  0x00007fa13e01da00 JavaThread "JDWP Transport Listener: dt_socket" daemon [_thread_in_native, id=25603, stack(0x000070000552f000,0x000070000562f000)]
  0x00007fa13e00ac00 JavaThread "JDWP Event Helper Thread" daemon [_thread_blocked, id=26371, stack(0x0000700005632000,0x0000700005732000)]
  0x00007fa13d08ba00 JavaThread "Notification Thread" daemon [_thread_blocked, id=39171, stack(0x0000700005838000,0x0000700005938000)]
  0x00007fa13d842800 JavaThread "Common-Cleaner" daemon [_thread_blocked, id=28675, stack(0x0000700005a3e000,0x0000700005b3e000)]
  0x00007fa13d08f800 JavaThread "mysql-cj-abandoned-connection-cleanup" daemon [_thread_blocked, id=29699, stack(0x0000700005b41000,0x0000700005c41000)]

Other Threads:
  0x00007fa13ce0a330 VMThread "VM Thread" [stack: 0x0000700004c11000,0x0000700004d11000] [id=14851]
  0x00007fa13cc59c40 WatcherThread [stack: 0x000070000593b000,0x0000700005a3b000] [id=27907]
  0x00007fa13cc14a30 GCTaskThread "GC Thread#0" [stack: 0x0000700004702000,0x0000700004802000] [id=12803]
  0x00007fa13cc15bb0 ConcurrentGCThread "G1 Main Marker" [stack: 0x0000700004805000,0x0000700004905000] [id=13059]
  0x00007fa13cc16c80 ConcurrentGCThread "G1 Conc#0" [stack: 0x0000700004908000,0x0000700004a08000] [id=19459]
  0x00007fa13cc326b0 ConcurrentGCThread "G1 Refine#0" [stack: 0x0000700004a0b000,0x0000700004b0b000] [id=19203]
  0x00007fa13cc33730 ConcurrentGCThread "G1 Young RemSet Sampling" [stack: 0x0000700004b0e000,0x0000700004c0e000] [id=14339]

Threads with active compile tasks:

VM state: not at safepoint (normal execution)

VM Mutex/Monitor currently owned by a thread: None

Heap address: 0x0000000780000000, size: 2048 MB, Compressed Oops mode: Zero based, Oop shift amount: 3
CDS archive(s) mapped at: [0x0000000800000000-0x0000000800b2b000-0x0000000800b2b000), size 11710464, SharedBaseAddress: 0x0000000800000000, ArchiveRelocationMode: 0.
Compressed class space mapped at: 0x0000000800b2c000-0x0000000840b2c000, size: 1073741824
Narrow klass base: 0x0000000800000000, Narrow klass shift: 3, Narrow klass range: 0x100000000

GC Precious Log:
 CPUs: 4 total, 4 available
 Memory: 8192M
 Large Page Support: Disabled
 NUMA Support: Disabled
 Compressed Oops: Enabled (Zero based)
 Heap Region Size: 1M
 Heap Min Capacity: 8M
 Heap Initial Capacity: 128M
 Heap Max Capacity: 2G
 Pre-touch: Disabled
 Parallel Workers: 4
 Concurrent Workers: 1
 Concurrent Refinement Workers: 4
 Periodic GC: Disabled

Heap:
 garbage-first heap   total 133120K, used 13096K [0x0000000780000000, 0x0000000800000000)
  region size 1024K, 13 young (13312K), 0 survivors (0K)
 Metaspace       used 4047K, capacity 5988K, committed 6272K, reserved 1056768K
  class space    used 417K, capacity 588K, committed 640K, reserved 1048576K

Heap Regions: E=young(eden), S=young(survivor), O=old, HS=humongous(starts), HC=humongous(continues), CS=collection set, F=free, OA=open archive, CA=closed archive, TAMS=top-at-mark-start (previous, next)
|   0|0x0000000780000000, 0x0000000780000000, 0x0000000780100000|  0%| F|  |TAMS 0x0000000780000000, 0x0000000780000000| Untracked 
|   1|0x0000000780100000, 0x0000000780100000, 0x0000000780200000|  0%| F|  |TAMS 0x0000000780100000, 0x0000000780100000| Untracked 
|   2|0x0000000780200000, 0x0000000780200000, 0x0000000780300000|  0%| F|  |TAMS 0x0000000780200000, 0x0000000780200000| Untracked 
|   3|0x0000000780300000, 0x0000000780300000, 0x0000000780400000|  0%| F|  |TAMS 0x0000000780300000, 0x0000000780300000| Untracked 
|   4|0x0000000780400000, 0x0000000780400000, 0x0000000780500000|  0%| F|  |TAMS 0x0000000780400000, 0x0000000780400000| Untracked 
|   5|0x0000000780500000, 0x0000000780500000, 0x0000000780600000|  0%| F|  |TAMS 0x0000000780500000, 0x0000000780500000| Untracked 
|   6|0x0000000780600000, 0x0000000780600000, 0x0000000780700000|  0%| F|  |TAMS 0x0000000780600000, 0x0000000780600000| Untracked 
|   7|0x0000000780700000, 0x0000000780700000, 0x0000000780800000|  0%| F|  |TAMS 0x0000000780700000, 0x0000000780700000| Untracked 
|   8|0x0000000780800000, 0x0000000780800000, 0x0000000780900000|  0%| F|  |TAMS 0x0000000780800000, 0x0000000780800000| Untracked 
|   9|0x0000000780900000, 0x0000000780900000, 0x0000000780a00000|  0%| F|  |TAMS 0x0000000780900000, 0x0000000780900000| Untracked 
|  10|0x0000000780a00000, 0x0000000780a00000, 0x0000000780b00000|  0%| F|  |TAMS 0x0000000780a00000, 0x0000000780a00000| Untracked 
|  11|0x0000000780b00000, 0x0000000780b00000, 0x0000000780c00000|  0%| F|  |TAMS 0x0000000780b00000, 0x0000000780b00000| Untracked 
|  12|0x0000000780c00000, 0x0000000780c00000, 0x0000000780d00000|  0%| F|  |TAMS 0x0000000780c00000, 0x0000000780c00000| Untracked 
|  13|0x0000000780d00000, 0x0000000780d00000, 0x0000000780e00000|  0%| F|  |TAMS 0x0000000780d00000, 0x0000000780d00000| Untracked 
|  14|0x0000000780e00000, 0x0000000780e00000, 0x0000000780f00000|  0%| F|  |TAMS 0x0000000780e00000, 0x0000000780e00000| Untracked 
|  15|0x0000000780f00000, 0x0000000780f00000, 0x0000000781000000|  0%| F|  |TAMS 0x0000000780f00000, 0x0000000780f00000| Untracked 
|  16|0x0000000781000000, 0x0000000781000000, 0x0000000781100000|  0%| F|  |TAMS 0x0000000781000000, 0x0000000781000000| Untracked 
|  17|0x0000000781100000, 0x0000000781100000, 0x0000000781200000|  0%| F|  |TAMS 0x0000000781100000, 0x0000000781100000| Untracked 
|  18|0x0000000781200000, 0x0000000781200000, 0x0000000781300000|  0%| F|  |TAMS 0x0000000781200000, 0x0000000781200000| Untracked 
|  19|0x0000000781300000, 0x0000000781300000, 0x0000000781400000|  0%| F|  |TAMS 0x0000000781300000, 0x0000000781300000| Untracked 
|  20|0x0000000781400000, 0x0000000781400000, 0x0000000781500000|  0%| F|  |TAMS 0x0000000781400000, 0x0000000781400000| Untracked 
|  21|0x0000000781500000, 0x0000000781500000, 0x0000000781600000|  0%| F|  |TAMS 0x0000000781500000, 0x0000000781500000| Untracked 
|  22|0x0000000781600000, 0x0000000781600000, 0x0000000781700000|  0%| F|  |TAMS 0x0000000781600000, 0x0000000781600000| Untracked 
|  23|0x0000000781700000, 0x0000000781700000, 0x0000000781800000|  0%| F|  |TAMS 0x0000000781700000, 0x0000000781700000| Untracked 
|  24|0x0000000781800000, 0x0000000781800000, 0x0000000781900000|  0%| F|  |TAMS 0x0000000781800000, 0x0000000781800000| Untracked 
|  25|0x0000000781900000, 0x0000000781900000, 0x0000000781a00000|  0%| F|  |TAMS 0x0000000781900000, 0x0000000781900000| Untracked 
|  26|0x0000000781a00000, 0x0000000781a00000, 0x0000000781b00000|  0%| F|  |TAMS 0x0000000781a00000, 0x0000000781a00000| Untracked 
|  27|0x0000000781b00000, 0x0000000781b00000, 0x0000000781c00000|  0%| F|  |TAMS 0x0000000781b00000, 0x0000000781b00000| Untracked 
|  28|0x0000000781c00000, 0x0000000781c00000, 0x0000000781d00000|  0%| F|  |TAMS 0x0000000781c00000, 0x0000000781c00000| Untracked 
|  29|0x0000000781d00000, 0x0000000781d00000, 0x0000000781e00000|  0%| F|  |TAMS 0x0000000781d00000, 0x0000000781d00000| Untracked 
|  30|0x0000000781e00000, 0x0000000781e00000, 0x0000000781f00000|  0%| F|  |TAMS 0x0000000781e00000, 0x0000000781e00000| Untracked 
|  31|0x0000000781f00000, 0x0000000781f00000, 0x0000000782000000|  0%| F|  |TAMS 0x0000000781f00000, 0x0000000781f00000| Untracked 
|  32|0x0000000782000000, 0x0000000782000000, 0x0000000782100000|  0%| F|  |TAMS 0x0000000782000000, 0x0000000782000000| Untracked 
|  33|0x0000000782100000, 0x0000000782100000, 0x0000000782200000|  0%| F|  |TAMS 0x0000000782100000, 0x0000000782100000| Untracked 
|  34|0x0000000782200000, 0x0000000782200000, 0x0000000782300000|  0%| F|  |TAMS 0x0000000782200000, 0x0000000782200000| Untracked 
|  35|0x0000000782300000, 0x0000000782300000, 0x0000000782400000|  0%| F|  |TAMS 0x0000000782300000, 0x0000000782300000| Untracked 
|  36|0x0000000782400000, 0x0000000782400000, 0x0000000782500000|  0%| F|  |TAMS 0x0000000782400000, 0x0000000782400000| Untracked 
|  37|0x0000000782500000, 0x0000000782500000, 0x0000000782600000|  0%| F|  |TAMS 0x0000000782500000, 0x0000000782500000| Untracked 
|  38|0x0000000782600000, 0x0000000782600000, 0x0000000782700000|  0%| F|  |TAMS 0x0000000782600000, 0x0000000782600000| Untracked 
|  39|0x0000000782700000, 0x0000000782700000, 0x0000000782800000|  0%| F|  |TAMS 0x0000000782700000, 0x0000000782700000| Untracked 
|  40|0x0000000782800000, 0x0000000782800000, 0x0000000782900000|  0%| F|  |TAMS 0x0000000782800000, 0x0000000782800000| Untracked 
|  41|0x0000000782900000, 0x0000000782900000, 0x0000000782a00000|  0%| F|  |TAMS 0x0000000782900000, 0x0000000782900000| Untracked 
|  42|0x0000000782a00000, 0x0000000782a00000, 0x0000000782b00000|  0%| F|  |TAMS 0x0000000782a00000, 0x0000000782a00000| Untracked 
|  43|0x0000000782b00000, 0x0000000782b00000, 0x0000000782c00000|  0%| F|  |TAMS 0x0000000782b00000, 0x0000000782b00000| Untracked 
|  44|0x0000000782c00000, 0x0000000782c00000, 0x0000000782d00000|  0%| F|  |TAMS 0x0000000782c00000, 0x0000000782c00000| Untracked 
|  45|0x0000000782d00000, 0x0000000782d00000, 0x0000000782e00000|  0%| F|  |TAMS 0x0000000782d00000, 0x0000000782d00000| Untracked 
|  46|0x0000000782e00000, 0x0000000782e00000, 0x0000000782f00000|  0%| F|  |TAMS 0x0000000782e00000, 0x0000000782e00000| Untracked 
|  47|0x0000000782f00000, 0x0000000782f00000, 0x0000000783000000|  0%| F|  |TAMS 0x0000000782f00000, 0x0000000782f00000| Untracked 
|  48|0x0000000783000000, 0x0000000783000000, 0x0000000783100000|  0%| F|  |TAMS 0x0000000783000000, 0x0000000783000000| Untracked 
|  49|0x0000000783100000, 0x0000000783100000, 0x0000000783200000|  0%| F|  |TAMS 0x0000000783100000, 0x0000000783100000| Untracked 
|  50|0x0000000783200000, 0x0000000783200000, 0x0000000783300000|  0%| F|  |TAMS 0x0000000783200000, 0x0000000783200000| Untracked 
|  51|0x0000000783300000, 0x0000000783300000, 0x0000000783400000|  0%| F|  |TAMS 0x0000000783300000, 0x0000000783300000| Untracked 
|  52|0x0000000783400000, 0x0000000783400000, 0x0000000783500000|  0%| F|  |TAMS 0x0000000783400000, 0x0000000783400000| Untracked 
|  53|0x0000000783500000, 0x0000000783500000, 0x0000000783600000|  0%| F|  |TAMS 0x0000000783500000, 0x0000000783500000| Untracked 
|  54|0x0000000783600000, 0x0000000783600000, 0x0000000783700000|  0%| F|  |TAMS 0x0000000783600000, 0x0000000783600000| Untracked 
|  55|0x0000000783700000, 0x0000000783700000, 0x0000000783800000|  0%| F|  |TAMS 0x0000000783700000, 0x0000000783700000| Untracked 
|  56|0x0000000783800000, 0x0000000783800000, 0x0000000783900000|  0%| F|  |TAMS 0x0000000783800000, 0x0000000783800000| Untracked 
|  57|0x0000000783900000, 0x0000000783900000, 0x0000000783a00000|  0%| F|  |TAMS 0x0000000783900000, 0x0000000783900000| Untracked 
|  58|0x0000000783a00000, 0x0000000783a00000, 0x0000000783b00000|  0%| F|  |TAMS 0x0000000783a00000, 0x0000000783a00000| Untracked 
|  59|0x0000000783b00000, 0x0000000783b00000, 0x0000000783c00000|  0%| F|  |TAMS 0x0000000783b00000, 0x0000000783b00000| Untracked 
|  60|0x0000000783c00000, 0x0000000783c00000, 0x0000000783d00000|  0%| F|  |TAMS 0x0000000783c00000, 0x0000000783c00000| Untracked 
|  61|0x0000000783d00000, 0x0000000783d00000, 0x0000000783e00000|  0%| F|  |TAMS 0x0000000783d00000, 0x0000000783d00000| Untracked 
|  62|0x0000000783e00000, 0x0000000783e00000, 0x0000000783f00000|  0%| F|  |TAMS 0x0000000783e00000, 0x0000000783e00000| Untracked 
|  63|0x0000000783f00000, 0x0000000783f00000, 0x0000000784000000|  0%| F|  |TAMS 0x0000000783f00000, 0x0000000783f00000| Untracked 
|  64|0x0000000784000000, 0x0000000784000000, 0x0000000784100000|  0%| F|  |TAMS 0x0000000784000000, 0x0000000784000000| Untracked 
|  65|0x0000000784100000, 0x0000000784100000, 0x0000000784200000|  0%| F|  |TAMS 0x0000000784100000, 0x0000000784100000| Untracked 
|  66|0x0000000784200000, 0x0000000784200000, 0x0000000784300000|  0%| F|  |TAMS 0x0000000784200000, 0x0000000784200000| Untracked 
|  67|0x0000000784300000, 0x0000000784300000, 0x0000000784400000|  0%| F|  |TAMS 0x0000000784300000, 0x0000000784300000| Untracked 
|  68|0x0000000784400000, 0x0000000784400000, 0x0000000784500000|  0%| F|  |TAMS 0x0000000784400000, 0x0000000784400000| Untracked 
|  69|0x0000000784500000, 0x0000000784500000, 0x0000000784600000|  0%| F|  |TAMS 0x0000000784500000, 0x0000000784500000| Untracked 
|  70|0x0000000784600000, 0x0000000784600000, 0x0000000784700000|  0%| F|  |TAMS 0x0000000784600000, 0x0000000784600000| Untracked 
|  71|0x0000000784700000, 0x0000000784700000, 0x0000000784800000|  0%| F|  |TAMS 0x0000000784700000, 0x0000000784700000| Untracked 
|  72|0x0000000784800000, 0x0000000784800000, 0x0000000784900000|  0%| F|  |TAMS 0x0000000784800000, 0x0000000784800000| Untracked 
|  73|0x0000000784900000, 0x0000000784900000, 0x0000000784a00000|  0%| F|  |TAMS 0x0000000784900000, 0x0000000784900000| Untracked 
|  74|0x0000000784a00000, 0x0000000784a00000, 0x0000000784b00000|  0%| F|  |TAMS 0x0000000784a00000, 0x0000000784a00000| Untracked 
|  75|0x0000000784b00000, 0x0000000784b00000, 0x0000000784c00000|  0%| F|  |TAMS 0x0000000784b00000, 0x0000000784b00000| Untracked 
|  76|0x0000000784c00000, 0x0000000784c00000, 0x0000000784d00000|  0%| F|  |TAMS 0x0000000784c00000, 0x0000000784c00000| Untracked 
|  77|0x0000000784d00000, 0x0000000784d00000, 0x0000000784e00000|  0%| F|  |TAMS 0x0000000784d00000, 0x0000000784d00000| Untracked 
|  78|0x0000000784e00000, 0x0000000784e00000, 0x0000000784f00000|  0%| F|  |TAMS 0x0000000784e00000, 0x0000000784e00000| Untracked 
|  79|0x0000000784f00000, 0x0000000784f00000, 0x0000000785000000|  0%| F|  |TAMS 0x0000000784f00000, 0x0000000784f00000| Untracked 
|  80|0x0000000785000000, 0x0000000785000000, 0x0000000785100000|  0%| F|  |TAMS 0x0000000785000000, 0x0000000785000000| Untracked 
|  81|0x0000000785100000, 0x0000000785100000, 0x0000000785200000|  0%| F|  |TAMS 0x0000000785100000, 0x0000000785100000| Untracked 
|  82|0x0000000785200000, 0x0000000785200000, 0x0000000785300000|  0%| F|  |TAMS 0x0000000785200000, 0x0000000785200000| Untracked 
|  83|0x0000000785300000, 0x0000000785300000, 0x0000000785400000|  0%| F|  |TAMS 0x0000000785300000, 0x0000000785300000| Untracked 
|  84|0x0000000785400000, 0x0000000785400000, 0x0000000785500000|  0%| F|  |TAMS 0x0000000785400000, 0x0000000785400000| Untracked 
|  85|0x0000000785500000, 0x0000000785500000, 0x0000000785600000|  0%| F|  |TAMS 0x0000000785500000, 0x0000000785500000| Untracked 
|  86|0x0000000785600000, 0x0000000785600000, 0x0000000785700000|  0%| F|  |TAMS 0x0000000785600000, 0x0000000785600000| Untracked 
|  87|0x0000000785700000, 0x0000000785700000, 0x0000000785800000|  0%| F|  |TAMS 0x0000000785700000, 0x0000000785700000| Untracked 
|  88|0x0000000785800000, 0x0000000785800000, 0x0000000785900000|  0%| F|  |TAMS 0x0000000785800000, 0x0000000785800000| Untracked 
|  89|0x0000000785900000, 0x0000000785900000, 0x0000000785a00000|  0%| F|  |TAMS 0x0000000785900000, 0x0000000785900000| Untracked 
|  90|0x0000000785a00000, 0x0000000785a00000, 0x0000000785b00000|  0%| F|  |TAMS 0x0000000785a00000, 0x0000000785a00000| Untracked 
|  91|0x0000000785b00000, 0x0000000785b00000, 0x0000000785c00000|  0%| F|  |TAMS 0x0000000785b00000, 0x0000000785b00000| Untracked 
|  92|0x0000000785c00000, 0x0000000785c00000, 0x0000000785d00000|  0%| F|  |TAMS 0x0000000785c00000, 0x0000000785c00000| Untracked 
|  93|0x0000000785d00000, 0x0000000785d00000, 0x0000000785e00000|  0%| F|  |TAMS 0x0000000785d00000, 0x0000000785d00000| Untracked 
|  94|0x0000000785e00000, 0x0000000785e00000, 0x0000000785f00000|  0%| F|  |TAMS 0x0000000785e00000, 0x0000000785e00000| Untracked 
|  95|0x0000000785f00000, 0x0000000785f00000, 0x0000000786000000|  0%| F|  |TAMS 0x0000000785f00000, 0x0000000785f00000| Untracked 
|  96|0x0000000786000000, 0x0000000786000000, 0x0000000786100000|  0%| F|  |TAMS 0x0000000786000000, 0x0000000786000000| Untracked 
|  97|0x0000000786100000, 0x0000000786100000, 0x0000000786200000|  0%| F|  |TAMS 0x0000000786100000, 0x0000000786100000| Untracked 
|  98|0x0000000786200000, 0x0000000786200000, 0x0000000786300000|  0%| F|  |TAMS 0x0000000786200000, 0x0000000786200000| Untracked 
|  99|0x0000000786300000, 0x0000000786300000, 0x0000000786400000|  0%| F|  |TAMS 0x0000000786300000, 0x0000000786300000| Untracked 
| 100|0x0000000786400000, 0x0000000786400000, 0x0000000786500000|  0%| F|  |TAMS 0x0000000786400000, 0x0000000786400000| Untracked 
| 101|0x0000000786500000, 0x0000000786500000, 0x0000000786600000|  0%| F|  |TAMS 0x0000000786500000, 0x0000000786500000| Untracked 
| 102|0x0000000786600000, 0x0000000786600000, 0x0000000786700000|  0%| F|  |TAMS 0x0000000786600000, 0x0000000786600000| Untracked 
| 103|0x0000000786700000, 0x0000000786700000, 0x0000000786800000|  0%| F|  |TAMS 0x0000000786700000, 0x0000000786700000| Untracked 
| 104|0x0000000786800000, 0x0000000786800000, 0x0000000786900000|  0%| F|  |TAMS 0x0000000786800000, 0x0000000786800000| Untracked 
| 105|0x0000000786900000, 0x0000000786900000, 0x0000000786a00000|  0%| F|  |TAMS 0x0000000786900000, 0x0000000786900000| Untracked 
| 106|0x0000000786a00000, 0x0000000786a00000, 0x0000000786b00000|  0%| F|  |TAMS 0x0000000786a00000, 0x0000000786a00000| Untracked 
| 107|0x0000000786b00000, 0x0000000786b00000, 0x0000000786c00000|  0%| F|  |TAMS 0x0000000786b00000, 0x0000000786b00000| Untracked 
| 108|0x0000000786c00000, 0x0000000786c00000, 0x0000000786d00000|  0%| F|  |TAMS 0x0000000786c00000, 0x0000000786c00000| Untracked 
| 109|0x0000000786d00000, 0x0000000786d00000, 0x0000000786e00000|  0%| F|  |TAMS 0x0000000786d00000, 0x0000000786d00000| Untracked 
| 110|0x0000000786e00000, 0x0000000786e00000, 0x0000000786f00000|  0%| F|  |TAMS 0x0000000786e00000, 0x0000000786e00000| Untracked 
| 111|0x0000000786f00000, 0x0000000786f00000, 0x0000000787000000|  0%| F|  |TAMS 0x0000000786f00000, 0x0000000786f00000| Untracked 
| 112|0x0000000787000000, 0x0000000787000000, 0x0000000787100000|  0%| F|  |TAMS 0x0000000787000000, 0x0000000787000000| Untracked 
| 113|0x0000000787100000, 0x0000000787100000, 0x0000000787200000|  0%| F|  |TAMS 0x0000000787100000, 0x0000000787100000| Untracked 
| 114|0x0000000787200000, 0x0000000787200000, 0x0000000787300000|  0%| F|  |TAMS 0x0000000787200000, 0x0000000787200000| Untracked 
| 115|0x0000000787300000, 0x0000000787400000, 0x0000000787400000|100%| E|  |TAMS 0x0000000787300000, 0x0000000787300000| Complete 
| 116|0x0000000787400000, 0x0000000787500000, 0x0000000787500000|100%| E|CS|TAMS 0x0000000787400000, 0x0000000787400000| Complete 
| 117|0x0000000787500000, 0x0000000787600000, 0x0000000787600000|100%| E|CS|TAMS 0x0000000787500000, 0x0000000787500000| Complete 
| 118|0x0000000787600000, 0x0000000787700000, 0x0000000787700000|100%| E|CS|TAMS 0x0000000787600000, 0x0000000787600000| Complete 
| 119|0x0000000787700000, 0x0000000787800000, 0x0000000787800000|100%| E|CS|TAMS 0x0000000787700000, 0x0000000787700000| Complete 
| 120|0x0000000787800000, 0x0000000787900000, 0x0000000787900000|100%| E|CS|TAMS 0x0000000787800000, 0x0000000787800000| Complete 
| 121|0x0000000787900000, 0x0000000787a00000, 0x0000000787a00000|100%| E|CS|TAMS 0x0000000787900000, 0x0000000787900000| Complete 
| 122|0x0000000787a00000, 0x0000000787b00000, 0x0000000787b00000|100%| E|CS|TAMS 0x0000000787a00000, 0x0000000787a00000| Complete 
| 123|0x0000000787b00000, 0x0000000787c00000, 0x0000000787c00000|100%| E|CS|TAMS 0x0000000787b00000, 0x0000000787b00000| Complete 
| 124|0x0000000787c00000, 0x0000000787d00000, 0x0000000787d00000|100%| E|CS|TAMS 0x0000000787c00000, 0x0000000787c00000| Complete 
| 125|0x0000000787d00000, 0x0000000787e00000, 0x0000000787e00000|100%| E|CS|TAMS 0x0000000787d00000, 0x0000000787d00000| Complete 
| 126|0x0000000787e00000, 0x0000000787f00000, 0x0000000787f00000|100%| E|CS|TAMS 0x0000000787e00000, 0x0000000787e00000| Complete 
| 127|0x0000000787f00000, 0x0000000788000000, 0x0000000788000000|100%| E|CS|TAMS 0x0000000787f00000, 0x0000000787f00000| Complete 
|1022|0x00000007bfe00000, 0x00000007bfe51000, 0x00000007bff00000| 31%|OA|  |TAMS 0x00000007bfe00000, 0x00000007bfe00000| Untracked 
|1023|0x00000007bff00000, 0x00000007bff79000, 0x00000007c0000000| 47%|CA|  |TAMS 0x00000007bff00000, 0x00000007bff00000| Untracked 

Card table byte_map: [0x000000010aea4000,0x000000010b2a4000] _byte_map_base: 0x00000001072a4000

Marking Bits (Prev, Next): (CMBitMap*) 0x00007fa13d025410, (CMBitMap*) 0x00007fa13d025450
 Prev Bits: [0x000000010b6a4000, 0x000000010d6a4000)
 Next Bits: [0x000000010d6a4000, 0x000000010f6a4000)

Polling page: 0x0000000100ec3000

Metaspace:

Usage:
  Non-class:      5.27 MB capacity,     3.54 MB ( 67%) used,     1.72 MB ( 33%) free+waste,     5.25 KB ( <1%) overhead. 
      Class:    588.00 KB capacity,   417.57 KB ( 71%) used,   167.80 KB ( 29%) free+waste,     2.62 KB ( <1%) overhead. 
       Both:      5.85 MB capacity,     3.95 MB ( 68%) used,     1.89 MB ( 32%) free+waste,     7.88 KB ( <1%) overhead. 

Virtual space:
  Non-class space:        8.00 MB reserved,       5.50 MB ( 69%) committed 
      Class space:        1.00 GB reserved,     640.00 KB ( <1%) committed 
             Both:        1.01 GB reserved,       6.12 MB ( <1%) committed 

Chunk freelists:
   Non-Class:  24.00 KB
       Class:  4.00 KB
        Both:  28.00 KB

MaxMetaspaceSize: 17179869184.00 GB
CompressedClassSpaceSize: 1.00 GB

CodeHeap 'non-profiled nmethods': size=120032Kb used=292Kb max_used=292Kb free=119739Kb
 bounds [0x000000011821a000, 0x000000011848a000, 0x000000011f752000]
CodeHeap 'profiled nmethods': size=120028Kb used=1184Kb max_used=1184Kb free=118843Kb
 bounds [0x0000000110ce3000, 0x0000000110f53000, 0x000000011821a000]
CodeHeap 'non-nmethods': size=5700Kb used=1250Kb max_used=1281Kb free=4449Kb
 bounds [0x0000000110752000, 0x00000001109c2000, 0x0000000110ce3000]
 total_blobs=1142 nmethods=698 adapters=358
 compilation: enabled
              stopped_count=0, restarted_count=0
 full_count=0

Compilation events (20 events):
Event: 12594.702 Thread 0x00007fa13d08b400  689       4       java.net.URLStreamHandler::setURL (73 bytes)
Event: 12594.735 Thread 0x00007fa13d08b400 nmethod 689 0x0000000118256b90 code [0x0000000118256d40, 0x0000000118257a48]
Event: 12594.735 Thread 0x00007fa13d08b400  690       4       sun.net.util.IPAddressUtil::checkHostString (53 bytes)
Event: 12594.736 Thread 0x00007fa13d08b400 nmethod 690 0x0000000118257f90 code [0x0000000118258100, 0x00000001182581b8]
Event: 12664.747 Thread 0x00007fa13d08b400  691       4       sun.net.www.protocol.file.Handler::parseURL (18 bytes)
Event: 12664.748 Thread 0x00007fa13d08b400 nmethod 691 0x0000000118258310 code [0x00000001182584a0, 0x0000000118258588]
Event: 12704.764 Thread 0x00007fa13d08b400  692   !   4       java.net.URL::<init> (543 bytes)
Event: 12704.816 Thread 0x00007fa13d08b400 nmethod 692 0x0000000118258690 code [0x0000000118258880, 0x0000000118259bd8]
Event: 13430.172 Thread 0x00007fa13d08b400  693       4       java.lang.ClassLoader::getResource (41 bytes)
Event: 13430.178 Thread 0x00007fa13d08b400 nmethod 693 0x000000011825a790 code [0x000000011825a960, 0x000000011825ab90]
Event: 15226.200 Thread 0x00007fa13d08b400  694       4       java.net.URLStreamHandler::parseURL (1201 bytes)
Event: 15226.344 Thread 0x00007fa13d08b400 nmethod 694 0x000000011825ae10 code [0x000000011825b220, 0x000000011825f768]
Event: 15300.868 Thread 0x00007fa13d812200  695   !   3       jdk.internal.ref.PhantomCleanable::isListEmpty (34 bytes)
Event: 15300.869 Thread 0x00007fa13d812200 nmethod 695 0x0000000110e0a790 code [0x0000000110e0a940, 0x0000000110e0ab90]
Event: 15300.869 Thread 0x00007fa13d812200  696       3       jdk.internal.misc.InnocuousThread::eraseThreadLocals (23 bytes)
Event: 15300.869 Thread 0x00007fa13d812200 nmethod 696 0x0000000110e0ad10 code [0x0000000110e0aea0, 0x0000000110e0b090]
Event: 24817.455 Thread 0x00007fa13d08b400  697   !   4       java.lang.ref.ReferenceQueue::remove (125 bytes)
Event: 24817.462 Thread 0x00007fa13d08b400 nmethod 697 0x0000000118262110 code [0x00000001182622a0, 0x0000000118262728]
Event: 26893.671 Thread 0x00007fa13d08b400  698   !   4       com.mysql.cj.jdbc.AbandonedConnectionCleanupThread::checkThreadContextClassLoader (20 bytes)
Event: 26893.682 Thread 0x00007fa13d08b400 nmethod 698 0x0000000118262a10 code [0x0000000118262c00, 0x0000000118262f30]

GC Heap History (0 events):
No events

Deoptimization events (4 events):
Event: 0.557 Thread 0x00007fa13e808200 Uncommon trap: trap_request=0xffffff45 fr.pc=0x000000011824153c relative=0x000000000000041c
Event: 0.557 Thread 0x00007fa13e808200 Uncommon trap: reason=unstable_if action=reinterpret pc=0x000000011824153c method=java.lang.StringLatin1.indexOf([BI[BII)I @ 91 c2
Event: 0.557 Thread 0x00007fa13e808200 DEOPT PACKING pc=0x000000011824153c sp=0x00007000046fdb10
Event: 0.557 Thread 0x00007fa13e808200 DEOPT UNPACKING pc=0x00000001107a0125 sp=0x00007000046fdaa0 mode 2

Classes unloaded (0 events):
No events

Classes redefined (0 events):
No events

Internal exceptions (10 events):
Event: 0.268 Thread 0x00007fa13e808200 Exception <a 'java/lang/NoSuchMethodError'{0x0000000787efa6a8}: 'void java.lang.invoke.DirectMethodHandle$Holder.invokeSpecial(java.lang.Object, java.lang.Object, java.lang.Object)'> (0x0000000787efa6a8) 
thrown [./open/src/hotspot/share/interpreter/linkResolver.cpp, line 782]
Event: 0.376 Thread 0x00007fa13e808200 Exception <a 'java/lang/NoSuchMethodError'{0x0000000787ce6c00}: 'java.lang.Object java.lang.invoke.DirectMethodHandle$Holder.invokeStatic(java.lang.Object)'> (0x0000000787ce6c00) 
thrown [./open/src/hotspot/share/interpreter/linkResolver.cpp, line 782]
Event: 0.377 Thread 0x00007fa13e808200 Exception <a 'java/lang/NoSuchMethodError'{0x0000000787cea518}: 'java.lang.Object java.lang.invoke.DirectMethodHandle$Holder.invokeStaticInit(java.lang.Object)'> (0x0000000787cea518) 
thrown [./open/src/hotspot/share/interpreter/linkResolver.cpp, line 782]
Event: 0.396 Thread 0x00007fa13e808200 Exception <a 'java/lang/NoSuchMethodError'{0x0000000787b04470}: 'void java.lang.invoke.DirectMethodHandle$Holder.invokeStatic(java.lang.Object, java.lang.Object)'> (0x0000000787b04470) 
thrown [./open/src/hotspot/share/interpreter/linkResolver.cpp, line 782]
Event: 0.426 Thread 0x00007fa13e808200 Exception <a 'java/lang/NoSuchMethodError'{0x0000000787b57328}: 'java.lang.Object java.lang.invoke.DirectMethodHandle$Holder.invokeInterface(java.lang.Object, java.lang.Object)'> (0x0000000787b57328) 
thrown [./open/src/hotspot/share/interpreter/linkResolver.cpp, line 782]
Event: 0.427 Thread 0x00007fa13e808200 Exception <a 'java/lang/NoSuchMethodError'{0x0000000787b5fc60}: 'java.lang.Object java.lang.invoke.DirectMethodHandle$Holder.invokeStaticInit(java.lang.Object, java.lang.Object, java.lang.Object)'> (0x0000000787b5fc60) 
thrown [./open/src/hotspot/share/interpreter/linkResolver.cpp, line 782]
Event: 0.438 Thread 0x00007fa13e808200 Exception <a 'java/lang/NoSuchMethodError'{0x0000000787b86e78}: 'int java.lang.invoke.DirectMethodHandle$Holder.invokeSpecial(java.lang.Object, java.lang.Object, java.lang.Object)'> (0x0000000787b86e78) 
thrown [./open/src/hotspot/share/interpreter/linkResolver.cpp, line 782]
Event: 0.453 Thread 0x00007fa13e808200 Exception <a 'java/lang/NoSuchMethodError'{0x0000000787ba81a0}: 'java.lang.Object java.lang.invoke.DirectMethodHandle$Holder.invokeStatic(java.lang.Object, java.lang.Object, int)'> (0x0000000787ba81a0) 
thrown [./open/src/hotspot/share/interpreter/linkResolver.cpp, line 782]
Event: 0.454 Thread 0x00007fa13e808200 Exception <a 'java/lang/NoSuchMethodError'{0x0000000787bb4350}: 'void java.lang.invoke.DelegatingMethodHandle$Holder.delegate(java.lang.Object, java.lang.Object, int, java.lang.Object)'> (0x0000000787bb4350) 
thrown [./open/src/hotspot/share/interpreter/linkResolver.cpp, line 782]
Event: 0.458 Thread 0x00007fa13e808200 Exception <a 'java/lang/ClassNotFoundException'{0x0000000787bc8f88}: sun/security/util/spi/ResourcesProvider> (0x0000000787bc8f88) 
thrown [./open/src/hotspot/share/classfile/systemDictionary.cpp, line 295]

Events (20 events):
Event: 0.553 loading class java/time/DateTimeException done
Event: 0.553 loading class java/time/format/DateTimeParseException done
Event: 0.553 loading class java/util/SimpleTimeZone
Event: 0.553 loading class java/util/SimpleTimeZone done
Event: 0.555 loading class java/time/OffsetDateTime
Event: 0.555 loading class java/time/OffsetDateTime done
Event: 0.556 loading class java/time/LocalDateTime$1
Event: 0.556 loading class java/time/LocalDateTime$1 done
Event: 0.556 loading class java/time/chrono/IsoEra
Event: 0.556 loading class java/time/chrono/Era
Event: 0.557 loading class java/time/chrono/Era done
Event: 0.557 loading class java/time/chrono/IsoEra done
Event: 0.622 loading class java/util/TimerTask
Event: 0.622 loading class java/util/TimerTask done
Event: 3.556 loading class java/util/regex/Matcher$ImmutableMatchResult
Event: 3.556 loading class java/util/regex/Matcher$ImmutableMatchResult done
Event: 540.139 Loaded shared library /Users/hrd/Library/Java/JavaVirtualMachines/openjdk-15.0.1/Contents/Home/lib/server/libjvm.dylib
Event: 40147.928 Protecting memory [0x0000700005735000,0x0000700005739000] with protection modes 3
Event: 40147.953 Thread 0x00007fa13e829e00 Thread exited: 0x00007fa13e829e00
Event: 40148.019 loading class jdk/internal/misc/Signal$1


Dynamic libraries:
0x00007fff6c3e8000 	/usr/lib/libz.1.dylib
0x0000000100e96000 	/Users/hrd/Library/Java/JavaVirtualMachines/openjdk-15.0.1/Contents/Home/lib/libjli.dylib
0x00007fff31f39000 	/System/Library/Frameworks/Cocoa.framework/Versions/A/Cocoa
0x00007fff3f730000 	/System/Library/Frameworks/Security.framework/Versions/A/Security
0x00007fff30e9e000 	/System/Library/Frameworks/ApplicationServices.framework/Versions/A/ApplicationServices
0x00007fff69eae000 	/usr/lib/libSystem.B.dylib
0x00007fff6cca9000 	/usr/lib/system/libcache.dylib
0x00007fff6ccaf000 	/usr/lib/system/libcommonCrypto.dylib
0x00007fff6ccbb000 	/usr/lib/system/libcompiler_rt.dylib
0x00007fff6ccc3000 	/usr/lib/system/libcopyfile.dylib
0x00007fff6cccd000 	/usr/lib/system/libcorecrypto.dylib
0x00007fff6ce6c000 	/usr/lib/system/libdispatch.dylib
0x00007fff6cead000 	/usr/lib/system/libdyld.dylib
0x00007fff6cee4000 	/usr/lib/system/libkeymgr.dylib
0x00007fff6cef2000 	/usr/lib/system/liblaunch.dylib
0x00007fff6cef3000 	/usr/lib/system/libmacho.dylib
0x00007fff6cef9000 	/usr/lib/system/libquarantine.dylib
0x00007fff6cefc000 	/usr/lib/system/libremovefile.dylib
0x00007fff6cefe000 	/usr/lib/system/libsystem_asl.dylib
0x00007fff6cf16000 	/usr/lib/system/libsystem_blocks.dylib
0x00007fff6cf17000 	/usr/lib/system/libsystem_c.dylib
0x00007fff6cf9f000 	/usr/lib/system/libsystem_configuration.dylib
0x00007fff6cfa3000 	/usr/lib/system/libsystem_coreservices.dylib
0x00007fff6cfa7000 	/usr/lib/system/libsystem_darwin.dylib
0x00007fff6cfb0000 	/usr/lib/system/libsystem_dnssd.dylib
0x00007fff6cfb8000 	/usr/lib/system/libsystem_featureflags.dylib
0x00007fff6cfba000 	/usr/lib/system/libsystem_info.dylib
0x00007fff6d035000 	/usr/lib/system/libsystem_m.dylib
0x00007fff6d07d000 	/usr/lib/system/libsystem_malloc.dylib
0x00007fff6d0a5000 	/usr/lib/system/libsystem_networkextension.dylib
0x00007fff6d0b3000 	/usr/lib/system/libsystem_notify.dylib
0x00007fff6d0d1000 	/usr/lib/system/libsystem_sandbox.dylib
0x00007fff6d0d6000 	/usr/lib/system/libsystem_secinit.dylib
0x00007fff6d008000 	/usr/lib/system/libsystem_kernel.dylib
0x00007fff6d0bd000 	/usr/lib/system/libsystem_platform.dylib
0x00007fff6d0c6000 	/usr/lib/system/libsystem_pthread.dylib
0x00007fff6d0d9000 	/usr/lib/system/libsystem_symptoms.dylib
0x00007fff6d0e1000 	/usr/lib/system/libsystem_trace.dylib
0x00007fff6d0f9000 	/usr/lib/system/libunwind.dylib
0x00007fff6d0ff000 	/usr/lib/system/libxpc.dylib
0x00007fff6bd0c000 	/usr/lib/libobjc.A.dylib
0x00007fff6a1e7000 	/usr/lib/libc++abi.dylib
0x00007fff6a194000 	/usr/lib/libc++.1.dylib
0x00007fff32ddb000 	/System/Library/Frameworks/CoreFoundation.framework/Versions/A/CoreFoundation
0x00007fff35498000 	/System/Library/Frameworks/Foundation.framework/Versions/C/Foundation
0x00007fff3008e000 	/System/Library/Frameworks/AppKit.framework/Versions/C/AppKit
0x00007fff328bd000 	/System/Library/Frameworks/CoreData.framework/Versions/A/CoreData
0x00007fff63ec2000 	/System/Library/PrivateFrameworks/UIFoundation.framework/Versions/A/UIFoundation
0x00007fff5ef56000 	/System/Library/PrivateFrameworks/RemoteViewServices.framework/Versions/A/RemoteViewServices
0x00007fff66a1e000 	/System/Library/PrivateFrameworks/XCTTargetBootstrap.framework/Versions/A/XCTTargetBootstrap
0x00007fff32ca8000 	/System/Library/Frameworks/CoreDisplay.framework/Versions/A/CoreDisplay
0x00007fff38352000 	/System/Library/Frameworks/Metal.framework/Versions/A/Metal
0x00007fff4cf48000 	/System/Library/PrivateFrameworks/DesktopServicesPriv.framework/Versions/A/DesktopServicesPriv
0x00007fff6afe7000 	/usr/lib/liblangid.dylib
0x00007fff4c1dd000 	/System/Library/PrivateFrameworks/CoreSVG.framework/Versions/A/CoreSVG
0x00007fff620b2000 	/System/Library/PrivateFrameworks/SkyLight.framework/Versions/A/SkyLight
0x00007fff3325c000 	/System/Library/Frameworks/CoreGraphics.framework/Versions/A/CoreGraphics
0x00007fff2ea62000 	/System/Library/Frameworks/Accelerate.framework/Versions/A/Accelerate
0x00007fff6c2d9000 	/usr/lib/libxml2.2.dylib
0x00007fff57eeb000 	/System/Library/PrivateFrameworks/IconServices.framework/Versions/A/IconServices
0x00007fff35c77000 	/System/Library/Frameworks/IOSurface.framework/Versions/A/IOSurface
0x00007fff699d8000 	/usr/lib/libDiagnosticMessagesClient.dylib
0x00007fff4cda2000 	/System/Library/PrivateFrameworks/DFRFoundation.framework/Versions/A/DFRFoundation
0x00007fff6ad78000 	/usr/lib/libicucore.A.dylib
0x00007fff311d0000 	/System/Library/Frameworks/AudioToolbox.framework/Versions/A/AudioToolbox
0x00007fff312b3000 	/System/Library/Frameworks/AudioUnit.framework/Versions/A/AudioUnit
0x00007fff6a0b0000 	/usr/lib/libauto.dylib
0x00007fff4ce44000 	/System/Library/PrivateFrameworks/DataDetectorsCore.framework/Versions/A/DataDetectorsCore
0x00007fff31a5a000 	/System/Library/Frameworks/Carbon.framework/Versions/A/Frameworks/HIToolbox.framework/Versions/A/HIToolbox
0x00007fff3e92a000 	/System/Library/Frameworks/QuartzCore.framework/Versions/A/QuartzCore
0x00007fff31d99000 	/System/Library/Frameworks/Carbon.framework/Versions/A/Frameworks/SpeechRecognition.framework/Versions/A/SpeechRecognition
0x00007fff4c8b6000 	/System/Library/PrivateFrameworks/CoreUI.framework/Versions/A/CoreUI
0x00007fff32328000 	/System/Library/Frameworks/CoreAudio.framework/Versions/A/CoreAudio
0x00007fff35157000 	/System/Library/Frameworks/DiskArbitration.framework/Versions/A/DiskArbitration
0x00007fff59f3b000 	/System/Library/PrivateFrameworks/MultitouchSupport.framework/Versions/A/MultitouchSupport
0x00007fff6ac3f000 	/usr/lib/libenergytrace.dylib
0x00007fff35bd1000 	/System/Library/Frameworks/IOKit.framework/Versions/A/IOKit
0x00007fff341c3000 	/System/Library/Frameworks/CoreServices.framework/Versions/A/CoreServices
0x00007fff5c0e9000 	/System/Library/PrivateFrameworks/PerformanceAnalysis.framework/Versions/A/PerformanceAnalysis
0x00007fff3d95d000 	/System/Library/Frameworks/OpenGL.framework/Versions/A/OpenGL
0x00007fff31f47000 	/System/Library/Frameworks/ColorSync.framework/Versions/A/ColorSync
0x00007fff338df000 	/System/Library/Frameworks/CoreImage.framework/Versions/A/CoreImage
0x00007fff34c36000 	/System/Library/Frameworks/CoreText.framework/Versions/A/CoreText
0x00007fff35d07000 	/System/Library/Frameworks/ImageIO.framework/Versions/A/ImageIO
0x00007fff6a210000 	/usr/lib/libcompression.dylib
0x00007fff69d1c000 	/usr/lib/libMobileGestalt.dylib
0x00007fff63c2c000 	/System/Library/PrivateFrameworks/TextureIO.framework/Versions/A/TextureIO
0x00007fff6a013000 	/usr/lib/libate.dylib
0x00007fff580f4000 	/System/Library/PrivateFrameworks/InternationalSupport.framework/Versions/A/InternationalSupport
0x00007fff6afe9000 	/usr/lib/liblzma.5.dylib
0x00007fff6ac66000 	/usr/lib/libfakelink.dylib
0x00007fff69fa0000 	/usr/lib/libarchive.2.dylib
0x00007fff407e1000 	/System/Library/Frameworks/SystemConfiguration.framework/Versions/A/SystemConfiguration
0x00007fff6990b000 	/usr/lib/libCRFSuite.dylib
0x00007fff3164a000 	/System/Library/Frameworks/CFNetwork.framework/Versions/A/CFNetwork
0x00007fff6a176000 	/usr/lib/libbsm.0.dylib
0x00007fff6cee5000 	/usr/lib/system/libkxld.dylib
0x00007fff4671e000 	/System/Library/PrivateFrameworks/AppleFSCompression.framework/Versions/A/AppleFSCompression
0x00007fff6a501000 	/usr/lib/libcoretls.dylib
0x00007fff6a518000 	/usr/lib/libcoretls_cfhelpers.dylib
0x00007fff6bd52000 	/usr/lib/libpam.2.dylib
0x00007fff6be87000 	/usr/lib/libsqlite3.dylib
0x00007fff6c2c6000 	/usr/lib/libxar.1.dylib
0x00007fff6a187000 	/usr/lib/libbz2.1.0.dylib
0x00007fff6ac87000 	/usr/lib/libiconv.2.dylib
0x00007fff6a1fd000 	/usr/lib/libcharset.1.dylib
0x00007fff6b7ef000 	/usr/lib/libnetwork.dylib
0x00007fff6bd59000 	/usr/lib/libpcap.A.dylib
0x00007fff69f55000 	/usr/lib/libapple_nghttp2.dylib
0x00007fff3457a000 	/System/Library/Frameworks/CoreServices.framework/Versions/A/Frameworks/FSEvents.framework/Versions/A/FSEvents
0x00007fff3424a000 	/System/Library/Frameworks/CoreServices.framework/Versions/A/Frameworks/CarbonCore.framework/Versions/A/CarbonCore
0x00007fff347be000 	/System/Library/Frameworks/CoreServices.framework/Versions/A/Frameworks/Metadata.framework/Versions/A/Metadata
0x00007fff34857000 	/System/Library/Frameworks/CoreServices.framework/Versions/A/Frameworks/OSServices.framework/Versions/A/OSServices
0x00007fff34885000 	/System/Library/Frameworks/CoreServices.framework/Versions/A/Frameworks/SearchKit.framework/Versions/A/SearchKit
0x00007fff341c4000 	/System/Library/Frameworks/CoreServices.framework/Versions/A/Frameworks/AE.framework/Versions/A/AE
0x00007fff34583000 	/System/Library/Frameworks/CoreServices.framework/Versions/A/Frameworks/LaunchServices.framework/Versions/A/LaunchServices
0x00007fff3452c000 	/System/Library/Frameworks/CoreServices.framework/Versions/A/Frameworks/DictionaryServices.framework/Versions/A/DictionaryServices
0x00007fff348ed000 	/System/Library/Frameworks/CoreServices.framework/Versions/A/Frameworks/SharedFileList.framework/Versions/A/SharedFileList
0x00007fff3977c000 	/System/Library/Frameworks/NetFS.framework/Versions/A/NetFS
0x00007fff5a46b000 	/System/Library/PrivateFrameworks/NetAuth.framework/Versions/A/NetAuth
0x00007fff66deb000 	/System/Library/PrivateFrameworks/login.framework/Versions/A/Frameworks/loginsupport.framework/Versions/A/loginsupport
0x00007fff636f7000 	/System/Library/PrivateFrameworks/TCC.framework/Versions/A/TCC
0x00007fff4b350000 	/System/Library/PrivateFrameworks/CoreNLP.framework/Versions/A/CoreNLP
0x00007fff59968000 	/System/Library/PrivateFrameworks/MetadataUtilities.framework/Versions/A/MetadataUtilities
0x00007fff6b0c1000 	/usr/lib/libmecabra.dylib
0x00007fff6b019000 	/usr/lib/libmecab.dylib
0x00007fff6ac77000 	/usr/lib/libgermantok.dylib
0x00007fff69f3c000 	/usr/lib/libThaiTokenizer.dylib
0x00007fff69942000 	/usr/lib/libChineseTokenizer.dylib
0x00007fff2ea7a000 	/System/Library/Frameworks/Accelerate.framework/Versions/A/Frameworks/vImage.framework/Versions/A/vImage
0x00007fff2fee4000 	/System/Library/Frameworks/Accelerate.framework/Versions/A/Frameworks/vecLib.framework/Versions/A/vecLib
0x00007fff2fe21000 	/System/Library/Frameworks/Accelerate.framework/Versions/A/Frameworks/vecLib.framework/Versions/A/libvMisc.dylib
0x00007fff2fc49000 	/System/Library/Frameworks/Accelerate.framework/Versions/A/Frameworks/vecLib.framework/Versions/A/libvDSP.dylib
0x00007fff2f0d1000 	/System/Library/Frameworks/Accelerate.framework/Versions/A/Frameworks/vecLib.framework/Versions/A/libBLAS.dylib
0x00007fff2f80d000 	/System/Library/Frameworks/Accelerate.framework/Versions/A/Frameworks/vecLib.framework/Versions/A/libLAPACK.dylib
0x00007fff2fba9000 	/System/Library/Frameworks/Accelerate.framework/Versions/A/Frameworks/vecLib.framework/Versions/A/libLinearAlgebra.dylib
0x00007fff2fc36000 	/System/Library/Frameworks/Accelerate.framework/Versions/A/Frameworks/vecLib.framework/Versions/A/libSparseBLAS.dylib
0x00007fff2fbbf000 	/System/Library/Frameworks/Accelerate.framework/Versions/A/Frameworks/vecLib.framework/Versions/A/libQuadrature.dylib
0x00007fff2f339000 	/System/Library/Frameworks/Accelerate.framework/Versions/A/Frameworks/vecLib.framework/Versions/A/libBNNS.dylib
0x00007fff2fbc5000 	/System/Library/Frameworks/Accelerate.framework/Versions/A/Frameworks/vecLib.framework/Versions/A/libSparse.dylib
0x00007fff584dc000 	/System/Library/PrivateFrameworks/LanguageModeling.framework/Versions/A/LanguageModeling
0x00007fff4ad00000 	/System/Library/PrivateFrameworks/CoreEmoji.framework/Versions/A/CoreEmoji
0x00007fff585fa000 	/System/Library/PrivateFrameworks/LinguisticData.framework/Versions/A/LinguisticData
0x00007fff585ab000 	/System/Library/PrivateFrameworks/Lexicon.framework/Versions/A/Lexicon
0x00007fff6a1fe000 	/usr/lib/libcmph.dylib
0x00007fff3c36b000 	/System/Library/Frameworks/OpenDirectory.framework/Versions/A/Frameworks/CFOpenDirectory.framework/Versions/A/CFOpenDirectory
0x00007fff3c388000 	/System/Library/Frameworks/OpenDirectory.framework/Versions/A/OpenDirectory
0x00007fff447cb000 	/System/Library/PrivateFrameworks/APFS.framework/Versions/A/APFS
0x00007fff3fa7a000 	/System/Library/Frameworks/SecurityFoundation.framework/Versions/A/SecurityFoundation
0x00007fff6c2c2000 	/usr/lib/libutil.dylib
0x00007fff4c235000 	/System/Library/PrivateFrameworks/CoreServicesStore.framework/Versions/A/CoreServicesStore
0x00007fff3fb31000 	/System/Library/Frameworks/ServiceManagement.framework/Versions/A/ServiceManagement
0x00007fff47eee000 	/System/Library/PrivateFrameworks/BackgroundTaskManagement.framework/Versions/A/BackgroundTaskManagement
0x00007fff6c3bf000 	/usr/lib/libxslt.1.dylib
0x00007fff46d91000 	/System/Library/PrivateFrameworks/AppleSystemInfo.framework/Versions/A/AppleSystemInfo
0x00007fff35f23000 	/System/Library/Frameworks/ImageIO.framework/Versions/A/Resources/libJPEG.dylib
0x00007fff361e0000 	/System/Library/Frameworks/ImageIO.framework/Versions/A/Resources/libTIFF.dylib
0x00007fff361c3000 	/System/Library/Frameworks/ImageIO.framework/Versions/A/Resources/libPng.dylib
0x00007fff35e65000 	/System/Library/Frameworks/ImageIO.framework/Versions/A/Resources/libGIF.dylib
0x00007fff35e69000 	/System/Library/Frameworks/ImageIO.framework/Versions/A/Resources/libJP2.dylib
0x00007fff361de000 	/System/Library/Frameworks/ImageIO.framework/Versions/A/Resources/libRadiance.dylib
0x00007fff6ac40000 	/usr/lib/libexpat.1.dylib
0x00007fff46879000 	/System/Library/PrivateFrameworks/AppleJPEG.framework/Versions/A/AppleJPEG
0x00007fff4f54b000 	/System/Library/PrivateFrameworks/FontServices.framework/libFontParser.dylib
0x00007fff65ded000 	/System/Library/PrivateFrameworks/WatchdogClient.framework/Versions/A/WatchdogClient
0x00007fff57b37000 	/System/Library/PrivateFrameworks/IOAccelerator.framework/Versions/A/IOAccelerator
0x00007fff386ed000 	/System/Library/Frameworks/MetalPerformanceShaders.framework/Versions/A/MetalPerformanceShaders
0x00007fff542c7000 	/System/Library/PrivateFrameworks/GPUWrangler.framework/Versions/A/GPUWrangler
0x00007fff57b4c000 	/System/Library/PrivateFrameworks/IOPresentment.framework/Versions/A/IOPresentment
0x00007fff4cdb5000 	/System/Library/PrivateFrameworks/DSExternalDisplay.framework/Versions/A/DSExternalDisplay
0x00007fff3ccfc000 	/System/Library/Frameworks/OpenGL.framework/Versions/A/Libraries/libCoreFSCache.dylib
0x00007fff38439000 	/System/Library/Frameworks/MetalPerformanceShaders.framework/Frameworks/MPSCore.framework/Versions/A/MPSCore
0x00007fff38477000 	/System/Library/Frameworks/MetalPerformanceShaders.framework/Frameworks/MPSImage.framework/Versions/A/MPSImage
0x00007fff3853e000 	/System/Library/Frameworks/MetalPerformanceShaders.framework/Frameworks/MPSNeuralNetwork.framework/Versions/A/MPSNeuralNetwork
0x00007fff38502000 	/System/Library/Frameworks/MetalPerformanceShaders.framework/Frameworks/MPSMatrix.framework/Versions/A/MPSMatrix
0x00007fff3869d000 	/System/Library/Frameworks/MetalPerformanceShaders.framework/Frameworks/MPSRayIntersector.framework/Versions/A/MPSRayIntersector
0x00007fff38528000 	/System/Library/Frameworks/MetalPerformanceShaders.framework/Frameworks/MPSNDArray.framework/Versions/A/MPSNDArray
0x00007fff599b5000 	/System/Library/PrivateFrameworks/MetalTools.framework/Versions/A/MetalTools
0x00007fff459a5000 	/System/Library/PrivateFrameworks/AggregateDictionary.framework/Versions/A/AggregateDictionary
0x00007fff4a748000 	/System/Library/PrivateFrameworks/CoreAnalytics.framework/Versions/A/CoreAnalytics
0x00007fff46cb0000 	/System/Library/PrivateFrameworks/AppleSauce.framework/Versions/A/AppleSauce
0x00007fff69bfe000 	/usr/lib/libIOReport.dylib
0x00007fff34dee000 	/System/Library/Frameworks/CoreVideo.framework/Versions/A/CoreVideo
0x00007fff55740000 	/System/Library/PrivateFrameworks/GraphVisualizer.framework/Versions/A/GraphVisualizer
0x00007fff4ea91000 	/System/Library/PrivateFrameworks/FaceCore.framework/Versions/A/FaceCore
0x00007fff3c312000 	/System/Library/Frameworks/OpenCL.framework/Versions/A/OpenCL
0x00007fff69a20000 	/usr/lib/libFosl_dynamic.dylib
0x00007fff5ae81000 	/System/Library/PrivateFrameworks/OTSVG.framework/Versions/A/OTSVG
0x00007fff30fa3000 	/System/Library/Frameworks/ApplicationServices.framework/Versions/A/Frameworks/ATS.framework/Versions/A/Resources/libFontRegistry.dylib
0x00007fff4f71b000 	/System/Library/PrivateFrameworks/FontServices.framework/libhvf.dylib
0x00007fff3cd07000 	/System/Library/Frameworks/OpenGL.framework/Versions/A/Libraries/libGFXShared.dylib
0x00007fff3cee5000 	/System/Library/Frameworks/OpenGL.framework/Versions/A/Libraries/libGLU.dylib
0x00007fff3cd10000 	/System/Library/Frameworks/OpenGL.framework/Versions/A/Libraries/libGL.dylib
0x00007fff3cd1b000 	/System/Library/Frameworks/OpenGL.framework/Versions/A/Libraries/libGLImage.dylib
0x00007fff3ccf9000 	/System/Library/Frameworks/OpenGL.framework/Versions/A/Libraries/libCVMSPluginSupport.dylib
0x00007fff3cd02000 	/System/Library/Frameworks/OpenGL.framework/Versions/A/Libraries/libCoreVMClient.dylib
0x00007fff6b690000 	/usr/lib/libncurses.5.4.dylib
0x00007fff30e9f000 	/System/Library/Frameworks/ApplicationServices.framework/Versions/A/Frameworks/ATS.framework/Versions/A/ATS
0x00007fff3106c000 	/System/Library/Frameworks/ApplicationServices.framework/Versions/A/Frameworks/ColorSyncLegacy.framework/Versions/A/ColorSyncLegacy
0x00007fff3110a000 	/System/Library/Frameworks/ApplicationServices.framework/Versions/A/Frameworks/HIServices.framework/Versions/A/HIServices
0x00007fff31162000 	/System/Library/Frameworks/ApplicationServices.framework/Versions/A/Frameworks/LangAnalysis.framework/Versions/A/LangAnalysis
0x00007fff31171000 	/System/Library/Frameworks/ApplicationServices.framework/Versions/A/Frameworks/PrintCore.framework/Versions/A/PrintCore
0x00007fff311b7000 	/System/Library/Frameworks/ApplicationServices.framework/Versions/A/Frameworks/QD.framework/Versions/A/QD
0x00007fff311c2000 	/System/Library/Frameworks/ApplicationServices.framework/Versions/A/Frameworks/SpeechSynthesis.framework/Versions/A/SpeechSynthesis
0x00007fff3103c000 	/System/Library/Frameworks/ApplicationServices.framework/Versions/A/Frameworks/ATSUI.framework/Versions/A/ATSUI
0x00007fff6aad6000 	/usr/lib/libcups.2.dylib
0x00007fff37788000 	/System/Library/Frameworks/Kerberos.framework/Versions/A/Kerberos
0x00007fff358ca000 	/System/Library/Frameworks/GSS.framework/Versions/A/GSS
0x00007fff6be13000 	/usr/lib/libresolv.9.dylib
0x00007fff558ed000 	/System/Library/PrivateFrameworks/Heimdal.framework/Versions/A/Heimdal
0x00007fff3779b000 	/System/Library/Frameworks/Kerberos.framework/Versions/A/Libraries/libHeimdalProxy.dylib
0x00007fff6ac7d000 	/usr/lib/libheimdal-asn1.dylib
0x00007fff49be0000 	/System/Library/PrivateFrameworks/CommonAuth.framework/Versions/A/CommonAuth
0x00007fff46e2e000 	/System/Library/PrivateFrameworks/AssertionServices.framework/Versions/A/AssertionServices
0x00007fff479d1000 	/System/Library/PrivateFrameworks/AudioToolboxCore.framework/Versions/A/AudioToolboxCore
0x00007fff66a9b000 	/System/Library/PrivateFrameworks/caulk.framework/Versions/A/caulk
0x00007fff47f9a000 	/System/Library/PrivateFrameworks/BaseBoard.framework/Versions/A/BaseBoard
0x00007fff5f0e4000 	/System/Library/PrivateFrameworks/RunningBoardServices.framework/Versions/A/RunningBoardServices
0x00007fff5c0f5000 	/System/Library/PrivateFrameworks/PersistentConnection.framework/Versions/A/PersistentConnection
0x00007fff5eadd000 	/System/Library/PrivateFrameworks/ProtocolBuffer.framework/Versions/A/ProtocolBuffer
0x00007fff49c04000 	/System/Library/PrivateFrameworks/CommonUtilities.framework/Versions/A/CommonUtilities
0x00007fff48128000 	/System/Library/PrivateFrameworks/Bom.framework/Versions/A/Bom
0x00007fff698d1000 	/usr/lib/libAudioToolboxUtility.dylib
0x00007fff47ef8000 	/System/Library/PrivateFrameworks/Backup.framework/Versions/A/Backup
0x00007fff4ccd6000 	/System/Library/PrivateFrameworks/CrashReporterSupport.framework/Versions/A/CrashReporterSupport
0x00007fff60b76000 	/System/Library/PrivateFrameworks/Sharing.framework/Versions/A/Sharing
0x00007fff4643c000 	/System/Library/PrivateFrameworks/Apple80211.framework/Versions/A/Apple80211
0x00007fff47c15000 	/System/Library/PrivateFrameworks/AuthKit.framework/Versions/A/AuthKit
0x00007fff4c9e3000 	/System/Library/PrivateFrameworks/CoreUtils.framework/Versions/A/CoreUtils
0x00007fff34e33000 	/System/Library/Frameworks/CoreWLAN.framework/Versions/A/CoreWLAN
0x00007fff35a57000 	/System/Library/Frameworks/IOBluetooth.framework/Versions/A/IOBluetooth
0x00007fff59cba000 	/System/Library/PrivateFrameworks/MobileKeyBag.framework/Versions/A/MobileKeyBag
0x00007fff4b7e8000 	/System/Library/PrivateFrameworks/CorePhoneNumbers.framework/Versions/A/CorePhoneNumbers
0x00007fff4682c000 	/System/Library/PrivateFrameworks/AppleIDAuthSupport.framework/Versions/A/AppleIDAuthSupport
0x00007fff39789000 	/System/Library/Frameworks/Network.framework/Versions/A/Network
0x00007fff58388000 	/System/Library/PrivateFrameworks/KeychainCircle.framework/Versions/A/KeychainCircle
0x00007fff32884000 	/System/Library/Frameworks/CoreBluetooth.framework/Versions/A/CoreBluetooth
0x00007fff62bf5000 	/System/Library/PrivateFrameworks/SpeechRecognitionCore.framework/Versions/A/SpeechRecognitionCore
0x0000000101800000 	/Users/hrd/Library/Java/JavaVirtualMachines/openjdk-15.0.1/Contents/Home/lib/server/libjvm.dylib
0x0000000100eb7000 	/Users/hrd/Library/Java/JavaVirtualMachines/openjdk-15.0.1/Contents/Home/lib/libjimage.dylib
0x0000000100ec5000 	/Users/hrd/Library/Java/JavaVirtualMachines/openjdk-15.0.1/Contents/Home/lib/libjdwp.dylib
0x0000000100f09000 	/Users/hrd/Library/Java/JavaVirtualMachines/openjdk-15.0.1/Contents/Home/lib/libjava.dylib
0x0000000100fdc000 	/Users/hrd/Library/Java/JavaVirtualMachines/openjdk-15.0.1/Contents/Home/lib/libdt_socket.dylib
0x0000000100fe8000 	/Users/hrd/Library/Java/JavaVirtualMachines/openjdk-15.0.1/Contents/Home/lib/libnio.dylib
0x000000010fea4000 	/Users/hrd/Library/Java/JavaVirtualMachines/openjdk-15.0.1/Contents/Home/lib/libnet.dylib
0x000000010febd000 	/Users/hrd/Library/Java/JavaVirtualMachines/openjdk-15.0.1/Contents/Home/lib/libzip.dylib
0x000000010fecb000 	/Users/hrd/Library/Java/JavaVirtualMachines/openjdk-15.0.1/Contents/Home/lib/libextnet.dylib
0x000000010fed2000 	/Users/hrd/Library/Java/JavaVirtualMachines/openjdk-15.0.1/Contents/Home/lib/libmanagement.dylib
0x000000010fedc000 	/Users/hrd/Library/Java/JavaVirtualMachines/openjdk-15.0.1/Contents/Home/lib/libmanagement_ext.dylib


VM Arguments:
jvm_args: -agentlib:jdwp=transport=dt_socket,server=n,suspend=y,address=localhost:53842 -XX:+ShowCodeDetailsInExceptionMessages -Dfile.encoding=UTF-8 
java_command: se.kth.iv1351.jdbcintro.startup.Main
java_class_path (initial): /Users/hrd/Desktop/KTH/Datalagring/jdbc-intro/target/classes:/Users/hrd/.m2/repository/org/postgresql/postgresql/42.2.16/postgresql-42.2.16.jar:/Users/hrd/.m2/repository/org/checkerframework/checker-qual/3.5.0/checker-qual-3.5.0.jar:/Users/hrd/.m2/repository/mysql/mysql-connector-java/8.0.21/mysql-connector-java-8.0.21.jar:/Users/hrd/.m2/repository/com/google/protobuf/protobuf-java/3.11.4/protobuf-java-3.11.4.jar
Launcher Type: SUN_STANDARD

[Global flags]
     intx CICompilerCount                          = 3                                         {product} {ergonomic}
     uint ConcGCThreads                            = 1                                         {product} {ergonomic}
     uint G1ConcRefinementThreads                  = 4                                         {product} {ergonomic}
   size_t G1HeapRegionSize                         = 1048576                                   {product} {ergonomic}
    uintx GCDrainStackTargetSize                   = 64                                        {product} {ergonomic}
   size_t InitialHeapSize                          = 134217728                                 {product} {ergonomic}
   size_t MarkStackSize                            = 4194304                                   {product} {ergonomic}
   size_t MaxHeapSize                              = 2147483648                                {product} {ergonomic}
   size_t MaxNewSize                               = 1287651328                                {product} {ergonomic}
   size_t MinHeapDeltaBytes                        = 1048576                                   {product} {ergonomic}
   size_t MinHeapSize                              = 8388608                                   {product} {ergonomic}
    uintx NonNMethodCodeHeapSize                   = 5832780                                {pd product} {ergonomic}
    uintx NonProfiledCodeHeapSize                  = 122912730                              {pd product} {ergonomic}
    uintx ProfiledCodeHeapSize                     = 122912730                              {pd product} {ergonomic}
    uintx ReservedCodeCacheSize                    = 251658240                              {pd product} {ergonomic}
     bool SegmentedCodeCache                       = true                                      {product} {ergonomic}
     bool ShowCodeDetailsInExceptionMessages       = true                                   {manageable} {command line}
   size_t SoftMaxHeapSize                          = 2147483648                             {manageable} {ergonomic}
     bool UseCompressedClassPointers               = true                                 {lp64_product} {ergonomic}
     bool UseCompressedOops                        = true                                 {lp64_product} {ergonomic}
     bool UseG1GC                                  = true                                      {product} {ergonomic}
     bool UseNUMA                                  = false                                     {product} {ergonomic}
     bool UseNUMAInterleaving                      = false                                     {product} {ergonomic}

Logging:
Log output configuration:
 #0: stdout all=warning uptime,level,tags
 #1: stderr all=off uptime,level,tags

Environment Variables:
PATH=/usr/local/bin:/usr/bin:/bin:/usr/sbin:/sbin:/Library/Apple/usr/bin
SHELL=/bin/zsh
LANG=en_US.UTF-8

Signal Handlers:
SIGSEGV: [libjvm.dylib+0xa00020], sa_mask[0]=11111111011111110111111111111111, sa_flags=SA_ONSTACK|SA_RESTART|SA_SIGINFO
SIGBUS: [libjvm.dylib+0xa00020], sa_mask[0]=11111111011111110111111111111111, sa_flags=SA_RESTART|SA_SIGINFO
SIGFPE: [libjvm.dylib+0xa00020], sa_mask[0]=11111111011111110111111111111111, sa_flags=SA_RESTART|SA_SIGINFO
SIGPIPE: [libjvm.dylib+0x82b7f0], sa_mask[0]=11111111011111110111111111111111, sa_flags=SA_RESTART|SA_SIGINFO
SIGXFSZ: [libjvm.dylib+0x82b7f0], sa_mask[0]=11111111011111110111111111111111, sa_flags=SA_RESTART|SA_SIGINFO
SIGILL: [libjvm.dylib+0xa00020], sa_mask[0]=11111111011111110111111111111111, sa_flags=SA_RESTART|SA_SIGINFO
SIGUSR2: [libjvm.dylib+0x82c300], sa_mask[0]=00000000000000000000000000000000, sa_flags=SA_RESTART|SA_SIGINFO
SIGHUP: [libjvm.dylib+0x82aa00], sa_mask[0]=11111111011111110111111111111111, sa_flags=SA_RESTART|SA_SIGINFO
SIGINT: [libjvm.dylib+0x82aa00], sa_mask[0]=11111111011111110111111111111111, sa_flags=SA_RESTART|SA_SIGINFO
SIGTERM: [libjvm.dylib+0x82aa00], sa_mask[0]=11111111011111110111111111111111, sa_flags=SA_RESTART|SA_SIGINFO
SIGQUIT: [libjvm.dylib+0x82aa00], sa_mask[0]=11111111011111110111111111111111, sa_flags=SA_RESTART|SA_SIGINFO


---------------  S Y S T E M  ---------------

OS:uname: Darwin 19.6.0 Darwin Kernel Version 19.6.0: Tue Nov 10 00:10:30 PST 2020; root:xnu-6153.141.10~1/RELEASE_X86_64 x86_64
OS uptime: 20 days 20:47 hours
rlimit (soft/hard): STACK 8192k/65532k , CORE 0k/infinity , NPROC 1392/2088 , NOFILE 10240/infinity , AS infinity/infinity , CPU infinity/infinity , DATA infinity/infinity , FSIZE infinity/infinity , MEMLOCK infinity/infinity , RSS infinity/infinity
load average: 3.46 4.60 4.62

CPU: total 4 (initial active 4) (2 cores per cpu, 2 threads per core) family 6 model 61 stepping 4 microcode 0x2f, cmov, cx8, fxsr, mmx, sse, sse2, sse3, ssse3, sse4.1, sse4.2, popcnt, vzeroupper, avx, avx2, aes, clmul, erms, rtm, 3dnowpref, lzcnt, ht, tsc, tscinvbit, bmi1, bmi2, adx, fma, clflush

Memory: 4k page, physical 8388608k(78880k free), swap 4194304k(749312k free)

vm_info: OpenJDK 64-Bit Server VM (15.0.1+9-18) for bsd-amd64 JRE (15.0.1+9-18), built on Sep 15 2020 13:39:50 by "mach5one" with clang 4.2.1 Compatible Apple LLVM 10.0.0 (clang-1000.11.45.5)

END.
